1682491604.279564 client started (27471): version next-3.4, socket /tmp/tmux-0/default, protocol 8
1682491604.279594 on Linux 4.9.151-015.ali3000.alios7.x86_64 #1 SMP Tue Mar 12 19:10:26 CST 2019
1682491604.279600 using libevent 2.0.21-stable (poll); ncurses 5.9
1682491604.279628 flags are 0x10010000
1682491604.279631 socket is /tmp/tmux-0/default
1682491604.279639 trying connect
1682491604.279707 add peer 0x12343b0: 6 ((nil))
1682491604.280024 sending message 100 to peer 0x12343b0 (4 bytes)
1682491604.280059 sending message 111 to peer 0x12343b0 (8 bytes)
1682491604.280064 sending message 101 to peer 0x12343b0 (6 bytes)
1682491604.280067 sending message 109 to peer 0x12343b0 (4 bytes)
1682491604.280070 sending message 102 to peer 0x12343b0 (13 bytes)
1682491604.280073 sending message 108 to peer 0x12343b0 (26 bytes)
1682491604.280078 sending message 112 to peer 0x12343b0 (58 bytes)
1682491604.280081 sending message 112 to peer 0x12343b0 (5 bytes)
1682491604.280084 sending message 112 to peer 0x12343b0 (5 bytes)
1682491604.280087 sending message 112 to peer 0x12343b0 (6 bytes)
1682491604.280090 sending message 112 to peer 0x12343b0 (6 bytes)
1682491604.280092 sending message 112 to peer 0x12343b0 (11 bytes)
1682491604.280095 sending message 112 to peer 0x12343b0 (10 bytes)
1682491604.280098 sending message 112 to peer 0x12343b0 (13 bytes)
1682491604.280101 sending message 112 to peer 0x12343b0 (14 bytes)
1682491604.280104 sending message 112 to peer 0x12343b0 (19 bytes)
1682491604.280107 sending message 112 to peer 0x12343b0 (9 bytes)
1682491604.280110 sending message 112 to peer 0x12343b0 (10 bytes)
1682491604.280113 sending message 112 to peer 0x12343b0 (15 bytes)
1682491604.280117 sending message 112 to peer 0x12343b0 (21 bytes)
1682491604.280119 sending message 112 to peer 0x12343b0 (13 bytes)
1682491604.280122 sending message 112 to peer 0x12343b0 (7 bytes)
1682491604.280125 sending message 112 to peer 0x12343b0 (13 bytes)
1682491604.280128 sending message 112 to peer 0x12343b0 (7 bytes)
1682491604.280131 sending message 112 to peer 0x12343b0 (13 bytes)
1682491604.280133 sending message 112 to peer 0x12343b0 (9 bytes)
1682491604.280136 sending message 112 to peer 0x12343b0 (21 bytes)
1682491604.280139 sending message 112 to peer 0x12343b0 (13 bytes)
1682491604.280142 sending message 112 to peer 0x12343b0 (9 bytes)
1682491604.280144 sending message 112 to peer 0x12343b0 (16 bytes)
1682491604.280147 sending message 112 to peer 0x12343b0 (13 bytes)
1682491604.280150 sending message 112 to peer 0x12343b0 (9 bytes)
1682491604.280153 sending message 112 to peer 0x12343b0 (12 bytes)
1682491604.280155 sending message 112 to peer 0x12343b0 (8 bytes)
1682491604.280158 sending message 112 to peer 0x12343b0 (9 bytes)
1682491604.280161 sending message 112 to peer 0x12343b0 (13 bytes)
1682491604.280164 sending message 112 to peer 0x12343b0 (7 bytes)
1682491604.280166 sending message 112 to peer 0x12343b0 (7 bytes)
1682491604.280169 sending message 112 to peer 0x12343b0 (9 bytes)
1682491604.280172 sending message 112 to peer 0x12343b0 (9 bytes)
1682491604.280174 sending message 112 to peer 0x12343b0 (15 bytes)
1682491604.280177 sending message 112 to peer 0x12343b0 (13 bytes)
1682491604.280180 sending message 112 to peer 0x12343b0 (12 bytes)
1682491604.280183 sending message 112 to peer 0x12343b0 (8 bytes)
1682491604.280186 sending message 112 to peer 0x12343b0 (14 bytes)
1682491604.280190 sending message 112 to peer 0x12343b0 (11 bytes)
1682491604.280193 sending message 112 to peer 0x12343b0 (9 bytes)
1682491604.280196 sending message 112 to peer 0x12343b0 (10 bytes)
1682491604.280199 sending message 112 to peer 0x12343b0 (10 bytes)
1682491604.280202 sending message 112 to peer 0x12343b0 (10 bytes)
1682491604.280204 sending message 112 to peer 0x12343b0 (10 bytes)
1682491604.280207 sending message 112 to peer 0x12343b0 (11 bytes)
1682491604.280210 sending message 112 to peer 0x12343b0 (12 bytes)
1682491604.280212 sending message 112 to peer 0x12343b0 (12 bytes)
1682491604.280217 sending message 112 to peer 0x12343b0 (12 bytes)
1682491604.280222 sending message 112 to peer 0x12343b0 (12 bytes)
1682491604.280234 sending message 112 to peer 0x12343b0 (12 bytes)
1682491604.280237 sending message 112 to peer 0x12343b0 (11 bytes)
1682491604.280240 sending message 112 to peer 0x12343b0 (11 bytes)
1682491604.280242 sending message 112 to peer 0x12343b0 (12 bytes)
1682491604.280245 sending message 112 to peer 0x12343b0 (12 bytes)
1682491604.280248 sending message 112 to peer 0x12343b0 (12 bytes)
1682491604.280250 sending message 112 to peer 0x12343b0 (12 bytes)
1682491604.280253 sending message 112 to peer 0x12343b0 (12 bytes)
1682491604.280257 sending message 112 to peer 0x12343b0 (9 bytes)
1682491604.280260 sending message 112 to peer 0x12343b0 (12 bytes)
1682491604.280263 sending message 112 to peer 0x12343b0 (13 bytes)
1682491604.280266 sending message 112 to peer 0x12343b0 (13 bytes)
1682491604.280269 sending message 112 to peer 0x12343b0 (13 bytes)
1682491604.280272 sending message 112 to peer 0x12343b0 (13 bytes)
1682491604.280276 sending message 112 to peer 0x12343b0 (13 bytes)
1682491604.280280 sending message 112 to peer 0x12343b0 (8 bytes)
1682491604.280285 sending message 112 to peer 0x12343b0 (11 bytes)
1682491604.280289 sending message 112 to peer 0x12343b0 (11 bytes)
1682491604.280293 sending message 112 to peer 0x12343b0 (11 bytes)
1682491604.280296 sending message 112 to peer 0x12343b0 (12 bytes)
1682491604.280299 sending message 112 to peer 0x12343b0 (12 bytes)
1682491604.280301 sending message 112 to peer 0x12343b0 (12 bytes)
1682491604.280304 sending message 112 to peer 0x12343b0 (12 bytes)
1682491604.280307 sending message 112 to peer 0x12343b0 (13 bytes)
1682491604.280309 sending message 112 to peer 0x12343b0 (13 bytes)
1682491604.280312 sending message 112 to peer 0x12343b0 (13 bytes)
1682491604.280315 sending message 112 to peer 0x12343b0 (8 bytes)
1682491604.280318 sending message 112 to peer 0x12343b0 (13 bytes)
1682491604.280320 sending message 112 to peer 0x12343b0 (13 bytes)
1682491604.280323 sending message 112 to peer 0x12343b0 (13 bytes)
1682491604.280326 sending message 112 to peer 0x12343b0 (13 bytes)
1682491604.280329 sending message 112 to peer 0x12343b0 (13 bytes)
1682491604.280332 sending message 112 to peer 0x12343b0 (12 bytes)
1682491604.280335 sending message 112 to peer 0x12343b0 (12 bytes)
1682491604.280338 sending message 112 to peer 0x12343b0 (12 bytes)
1682491604.280341 sending message 112 to peer 0x12343b0 (12 bytes)
1682491604.280344 sending message 112 to peer 0x12343b0 (13 bytes)
1682491604.280347 sending message 112 to peer 0x12343b0 (8 bytes)
1682491604.280350 sending message 112 to peer 0x12343b0 (13 bytes)
1682491604.280352 sending message 112 to peer 0x12343b0 (13 bytes)
1682491604.280355 sending message 112 to peer 0x12343b0 (13 bytes)
1682491604.280358 sending message 112 to peer 0x12343b0 (13 bytes)
1682491604.280360 sending message 112 to peer 0x12343b0 (13 bytes)
1682491604.280363 sending message 112 to peer 0x12343b0 (13 bytes)
1682491604.280366 sending message 112 to peer 0x12343b0 (13 bytes)
1682491604.280368 sending message 112 to peer 0x12343b0 (12 bytes)
1682491604.280371 sending message 112 to peer 0x12343b0 (12 bytes)
1682491604.280374 sending message 112 to peer 0x12343b0 (12 bytes)
1682491604.280377 sending message 112 to peer 0x12343b0 (8 bytes)
1682491604.280379 sending message 112 to peer 0x12343b0 (12 bytes)
1682491604.280382 sending message 112 to peer 0x12343b0 (13 bytes)
1682491604.280385 sending message 112 to peer 0x12343b0 (13 bytes)
1682491604.280389 sending message 112 to peer 0x12343b0 (13 bytes)
1682491604.280394 sending message 112 to peer 0x12343b0 (13 bytes)
1682491604.280397 sending message 112 to peer 0x12343b0 (13 bytes)
1682491604.280400 sending message 112 to peer 0x12343b0 (13 bytes)
1682491604.280403 sending message 112 to peer 0x12343b0 (13 bytes)
1682491604.280406 sending message 112 to peer 0x12343b0 (13 bytes)
1682491604.280409 sending message 112 to peer 0x12343b0 (12 bytes)
1682491604.280412 sending message 112 to peer 0x12343b0 (10 bytes)
1682491604.280415 sending message 112 to peer 0x12343b0 (12 bytes)
1682491604.280435 sending message 112 to peer 0x12343b0 (12 bytes)
1682491604.280440 sending message 112 to peer 0x12343b0 (12 bytes)
1682491604.280443 sending message 112 to peer 0x12343b0 (13 bytes)
1682491604.280446 sending message 112 to peer 0x12343b0 (13 bytes)
1682491604.280448 sending message 112 to peer 0x12343b0 (13 bytes)
1682491604.280451 sending message 112 to peer 0x12343b0 (13 bytes)
1682491604.280454 sending message 112 to peer 0x12343b0 (13 bytes)
1682491604.280456 sending message 112 to peer 0x12343b0 (13 bytes)
1682491604.280459 sending message 112 to peer 0x12343b0 (13 bytes)
1682491604.280462 sending message 112 to peer 0x12343b0 (10 bytes)
1682491604.280467 sending message 112 to peer 0x12343b0 (13 bytes)
1682491604.280471 sending message 112 to peer 0x12343b0 (12 bytes)
1682491604.280475 sending message 112 to peer 0x12343b0 (12 bytes)
1682491604.280480 sending message 112 to peer 0x12343b0 (12 bytes)
1682491604.280484 sending message 112 to peer 0x12343b0 (10 bytes)
1682491604.280487 sending message 112 to peer 0x12343b0 (10 bytes)
1682491604.280490 sending message 112 to peer 0x12343b0 (10 bytes)
1682491604.280493 sending message 112 to peer 0x12343b0 (12 bytes)
1682491604.280496 sending message 112 to peer 0x12343b0 (13 bytes)
1682491604.280498 sending message 112 to peer 0x12343b0 (13 bytes)
1682491604.280501 sending message 112 to peer 0x12343b0 (13 bytes)
1682491604.280504 sending message 112 to peer 0x12343b0 (13 bytes)
1682491604.280506 sending message 112 to peer 0x12343b0 (13 bytes)
1682491604.280509 sending message 112 to peer 0x12343b0 (10 bytes)
1682491604.280512 sending message 112 to peer 0x12343b0 (11 bytes)
1682491604.280516 sending message 112 to peer 0x12343b0 (12 bytes)
1682491604.280521 sending message 112 to peer 0x12343b0 (12 bytes)
1682491604.280525 sending message 112 to peer 0x12343b0 (12 bytes)
1682491604.280530 sending message 112 to peer 0x12343b0 (12 bytes)
1682491604.280533 sending message 112 to peer 0x12343b0 (12 bytes)
1682491604.280536 sending message 112 to peer 0x12343b0 (11 bytes)
1682491604.280539 sending message 112 to peer 0x12343b0 (12 bytes)
1682491604.280542 sending message 112 to peer 0x12343b0 (12 bytes)
1682491604.280544 sending message 112 to peer 0x12343b0 (13 bytes)
1682491604.280547 sending message 112 to peer 0x12343b0 (13 bytes)
1682491604.280550 sending message 112 to peer 0x12343b0 (13 bytes)
1682491604.280554 sending message 112 to peer 0x12343b0 (13 bytes)
1682491604.280559 sending message 112 to peer 0x12343b0 (13 bytes)
1682491604.280563 sending message 112 to peer 0x12343b0 (10 bytes)
1682491604.280566 sending message 112 to peer 0x12343b0 (9 bytes)
1682491604.280569 sending message 112 to peer 0x12343b0 (12 bytes)
1682491604.280572 sending message 112 to peer 0x12343b0 (13 bytes)
1682491604.280575 sending message 112 to peer 0x12343b0 (13 bytes)
1682491604.280577 sending message 112 to peer 0x12343b0 (13 bytes)
1682491604.280580 sending message 112 to peer 0x12343b0 (13 bytes)
1682491604.280583 sending message 112 to peer 0x12343b0 (13 bytes)
1682491604.280585 sending message 112 to peer 0x12343b0 (9 bytes)
1682491604.280588 sending message 112 to peer 0x12343b0 (12 bytes)
1682491604.280593 sending message 112 to peer 0x12343b0 (13 bytes)
1682491604.280597 sending message 112 to peer 0x12343b0 (13 bytes)
1682491604.280600 sending message 112 to peer 0x12343b0 (13 bytes)
1682491604.280603 sending message 112 to peer 0x12343b0 (13 bytes)
1682491604.280606 sending message 112 to peer 0x12343b0 (13 bytes)
1682491604.280609 sending message 112 to peer 0x12343b0 (11 bytes)
1682491604.280611 sending message 112 to peer 0x12343b0 (12 bytes)
1682491604.280614 sending message 112 to peer 0x12343b0 (13 bytes)
1682491604.280617 sending message 112 to peer 0x12343b0 (13 bytes)
1682491604.280620 sending message 112 to peer 0x12343b0 (13 bytes)
1682491604.280623 sending message 112 to peer 0x12343b0 (13 bytes)
1682491604.280626 sending message 112 to peer 0x12343b0 (13 bytes)
1682491604.280629 sending message 112 to peer 0x12343b0 (11 bytes)
1682491604.280637 sending message 112 to peer 0x12343b0 (12 bytes)
1682491604.280642 sending message 112 to peer 0x12343b0 (12 bytes)
1682491604.280645 sending message 112 to peer 0x12343b0 (12 bytes)
1682491604.280649 sending message 112 to peer 0x12343b0 (12 bytes)
1682491604.280652 sending message 112 to peer 0x12343b0 (12 bytes)
1682491604.280655 sending message 112 to peer 0x12343b0 (21 bytes)
1682491604.280658 sending message 112 to peer 0x12343b0 (12 bytes)
1682491604.280661 sending message 112 to peer 0x12343b0 (9 bytes)
1682491604.280664 sending message 112 to peer 0x12343b0 (6 bytes)
1682491604.280667 sending message 112 to peer 0x12343b0 (13 bytes)
1682491604.280670 sending message 112 to peer 0x12343b0 (10 bytes)
1682491604.280672 sending message 112 to peer 0x12343b0 (15 bytes)
1682491604.280677 sending message 112 to peer 0x12343b0 (13 bytes)
1682491604.280681 sending message 112 to peer 0x12343b0 (9 bytes)
1682491604.280685 sending message 112 to peer 0x12343b0 (16 bytes)
1682491604.280688 sending message 112 to peer 0x12343b0 (16 bytes)
1682491604.280690 sending message 112 to peer 0x12343b0 (12 bytes)
1682491604.280693 sending message 112 to peer 0x12343b0 (10 bytes)
1682491604.280696 sending message 112 to peer 0x12343b0 (15 bytes)
1682491604.280699 sending message 112 to peer 0x12343b0 (13 bytes)
1682491604.280702 sending message 112 to peer 0x12343b0 (10 bytes)
1682491604.280705 sending message 112 to peer 0x12343b0 (10 bytes)
1682491604.280707 sending message 112 to peer 0x12343b0 (13 bytes)
1682491604.280710 sending message 112 to peer 0x12343b0 (15 bytes)
1682491604.280713 sending message 112 to peer 0x12343b0 (5 bytes)
1682491604.280717 sending message 104 to peer 0x12343b0 (0 bytes)
1682491604.280723 sending message 110 to peer 0x12343b0 (0 bytes)
1682491604.280728 sending message 107 to peer 0x12343b0 (4 bytes)
1682491604.280732 sending message 105 to peer 0x12343b0 (18 bytes)
1682491604.280735 sending message 105 to peer 0x12343b0 (21 bytes)
1682491604.280738 sending message 105 to peer 0x12343b0 (39 bytes)
1682491604.280741 sending message 105 to peer 0x12343b0 (11 bytes)
1682491604.280743 sending message 105 to peer 0x12343b0 (16 bytes)
1682491604.280746 sending message 105 to peer 0x12343b0 (33 bytes)
1682491604.280749 sending message 105 to peer 0x12343b0 (37 bytes)
1682491604.280752 sending message 105 to peer 0x12343b0 (14 bytes)
1682491604.280755 sending message 105 to peer 0x12343b0 (22 bytes)
1682491604.280758 sending message 105 to peer 0x12343b0 (34 bytes)
1682491604.280763 sending message 105 to peer 0x12343b0 (34 bytes)
1682491604.280768 sending message 105 to peer 0x12343b0 (30 bytes)
1682491604.280772 sending message 105 to peer 0x12343b0 (29 bytes)
1682491604.280775 sending message 105 to peer 0x12343b0 (25 bytes)
1682491604.280778 sending message 105 to peer 0x12343b0 (19 bytes)
1682491604.280781 sending message 105 to peer 0x12343b0 (15 bytes)
1682491604.280783 sending message 105 to peer 0x12343b0 (60 bytes)
1682491604.280786 sending message 105 to peer 0x12343b0 (20 bytes)
1682491604.280789 sending message 105 to peer 0x12343b0 (9 bytes)
1682491604.280792 sending message 105 to peer 0x12343b0 (35 bytes)
1682491604.280795 sending message 105 to peer 0x12343b0 (28 bytes)
1682491604.280800 sending message 105 to peer 0x12343b0 (10 bytes)
1682491604.280804 sending message 105 to peer 0x12343b0 (29 bytes)
1682491604.280809 sending message 105 to peer 0x12343b0 (1720 bytes)
1682491604.280824 sending message 105 to peer 0x12343b0 (28 bytes)
1682491604.280827 sending message 105 to peer 0x12343b0 (34 bytes)
1682491604.280830 sending message 105 to peer 0x12343b0 (32 bytes)
1682491604.280833 sending message 105 to peer 0x12343b0 (35 bytes)
1682491604.280837 sending message 105 to peer 0x12343b0 (76 bytes)
1682491604.280841 sending message 105 to peer 0x12343b0 (12 bytes)
1682491604.280846 sending message 105 to peer 0x12343b0 (30 bytes)
1682491604.280849 sending message 105 to peer 0x12343b0 (485 bytes)
1682491604.280853 sending message 105 to peer 0x12343b0 (26 bytes)
1682491604.280859 sending message 105 to peer 0x12343b0 (30 bytes)
1682491604.280862 sending message 105 to peer 0x12343b0 (24 bytes)
1682491604.280865 sending message 105 to peer 0x12343b0 (84 bytes)
1682491604.280868 sending message 105 to peer 0x12343b0 (21 bytes)
1682491604.280871 sending message 105 to peer 0x12343b0 (17 bytes)
1682491604.280874 sending message 105 to peer 0x12343b0 (13 bytes)
1682491604.280877 sending message 105 to peer 0x12343b0 (17 bytes)
1682491604.280880 sending message 105 to peer 0x12343b0 (15 bytes)
1682491604.280883 sending message 105 to peer 0x12343b0 (40 bytes)
1682491604.280895 sending message 105 to peer 0x12343b0 (17 bytes)
1682491604.280898 sending message 105 to peer 0x12343b0 (22 bytes)
1682491604.280901 sending message 105 to peer 0x12343b0 (43 bytes)
1682491604.280904 sending message 105 to peer 0x12343b0 (23 bytes)
1682491604.280907 sending message 105 to peer 0x12343b0 (30 bytes)
1682491604.280910 sending message 105 to peer 0x12343b0 (23 bytes)
1682491604.280912 sending message 105 to peer 0x12343b0 (21 bytes)
1682491604.280915 sending message 105 to peer 0x12343b0 (8 bytes)
1682491604.280918 sending message 105 to peer 0x12343b0 (11 bytes)
1682491604.280921 sending message 105 to peer 0x12343b0 (21 bytes)
1682491604.280926 sending message 105 to peer 0x12343b0 (33 bytes)
1682491604.280931 sending message 105 to peer 0x12343b0 (18 bytes)
1682491604.280934 sending message 105 to peer 0x12343b0 (34 bytes)
1682491604.280936 sending message 105 to peer 0x12343b0 (34 bytes)
1682491604.280939 sending message 105 to peer 0x12343b0 (17 bytes)
1682491604.280942 sending message 105 to peer 0x12343b0 (26 bytes)
1682491604.280945 sending message 105 to peer 0x12343b0 (59 bytes)
1682491604.280948 sending message 105 to peer 0x12343b0 (26 bytes)
1682491604.280951 sending message 105 to peer 0x12343b0 (13 bytes)
1682491604.280955 sending message 105 to peer 0x12343b0 (51 bytes)
1682491604.280958 sending message 105 to peer 0x12343b0 (35 bytes)
1682491604.280962 sending message 105 to peer 0x12343b0 (28 bytes)
1682491604.280965 sending message 105 to peer 0x12343b0 (40 bytes)
1682491604.280967 sending message 105 to peer 0x12343b0 (26 bytes)
1682491604.280970 sending message 105 to peer 0x12343b0 (29 bytes)
1682491604.280973 sending message 105 to peer 0x12343b0 (45 bytes)
1682491604.280976 sending message 105 to peer 0x12343b0 (30 bytes)
1682491604.280978 sending message 105 to peer 0x12343b0 (22 bytes)
1682491604.280981 sending message 105 to peer 0x12343b0 (66 bytes)
1682491604.280984 sending message 105 to peer 0x12343b0 (22 bytes)
1682491604.280987 sending message 106 to peer 0x12343b0 (0 bytes)
1682491604.281003 sending message 200 to peer 0x12343b0 (4 bytes)
1682491604.281006 client loop enter
1682491604.283102 peer 0x12343b0 message 303
1682491604.283112 open write file 2 -
1682491604.283125 sending message 305 to peer 0x12343b0 (8 bytes)
1682491604.283136 write check file 2
1682491604.283684 peer 0x12343b0 message 304
1682491604.283698 write 58 to file 2
1682491604.283708 peer 0x12343b0 message 203
1682491604.283712 file 2 58 bytes left
1682491604.283734 write check file 2
1682491604.283738 client loop exit
